<?xml version="1.0" encoding="UTF-8"?>
<testng-results total="1" passed="1" failed="0" skipped="0">
  <reporter-output>
    <line>
      <![CDATA[browser launched]]>
    </line>
    <line>
      <![CDATA[user entered value]]>
    </line>
  </reporter-output>
  <suite started-at="2025-04-28T10:23:10Z" name="Default suite" finished-at="2025-04-28T10:24:01Z" duration-ms="51481">
    <groups>
    </groups>
    <test started-at="2025-04-28T10:23:10Z" name="Default test" finished-at="2025-04-28T10:24:01Z" duration-ms="51481">
      <class name="org.testcase.Tc12233_SearchData">
        <test-method signature="Test343()[pri:0, instance:org.testcase.Tc12233_SearchData@5bfa9431]" started-at="2025-04-28T15:53:10Z" name="Test343" finished-at="2025-04-28T15:54:01Z" duration-ms="51451" status="PASS">
          <reporter-output>
            <line>
              <![CDATA[browser launched]]>
            </line>
            <line>
              <![CDATA[user entered value]]>
            </line>
          </reporter-output>
        </test-method> <!-- Test343 -->
      </class> <!-- org.testcase.Tc12233_SearchData -->
    </test> <!-- Default test -->
  </suite> <!-- Default suite -->
</testng-results>
