<?xml version="1.0" encoding="UTF-8"?>
<testng-results total="2" passed="2" failed="0" skipped="0">
  <reporter-output>
    <line>
      <![CDATA[browser launched]]>
    </line>
    <line>
      <![CDATA[user entered value]]>
    </line>
    <line>
      <![CDATA[browser launched]]>
    </line>
    <line>
      <![CDATA[user entered value]]>
    </line>
  </reporter-output>
  <suite started-at="2025-04-26T10:27:31Z" name="Suite" finished-at="2025-04-26T10:27:52Z" duration-ms="21235">
    <groups>
      <group name="sanity">
        <method signature="TC123456_SingupUserValidation.Test1232()[pri:0, instance:org.testcase.TC123456_SingupUserValidation@ec756bd]" name="Test1232" class="org.testcase.TC123456_SingupUserValidation"/>
      </group> <!-- sanity -->
      <group name="april">
        <method signature="TC123456_SingupUserValidation.Test123()[pri:0, instance:org.testcase.TC123456_SingupUserValidation@ec756bd]" name="Test123" class="org.testcase.TC123456_SingupUserValidation"/>
        <method signature="TC123456_SingupUserValidation.Test1232()[pri:0, instance:org.testcase.TC123456_SingupUserValidation@ec756bd]" name="Test1232" class="org.testcase.TC123456_SingupUserValidation"/>
      </group> <!-- april -->
    </groups>
    <test started-at="2025-04-26T10:27:31Z" name="Test" finished-at="2025-04-26T10:27:52Z" duration-ms="21235">
      <class name="org.testcase.TC123456_SingupUserValidation">
        <test-method signature="Test123()[pri:0, instance:org.testcase.TC123456_SingupUserValidation@ec756bd]" started-at="2025-04-26T15:57:31Z" name="Test123" finished-at="2025-04-26T15:57:42Z" duration-ms="11017" status="PASS">
          <reporter-output>
            <line>
              <![CDATA[browser launched]]>
            </line>
            <line>
              <![CDATA[user entered value]]>
            </line>
          </reporter-output>
        </test-method> <!-- Test123 -->
        <test-method signature="Test1232()[pri:0, instance:org.testcase.TC123456_SingupUserValidation@ec756bd]" started-at="2025-04-26T15:57:42Z" name="Test1232" finished-at="2025-04-26T15:57:52Z" duration-ms="10181" status="PASS">
          <reporter-output>
            <line>
              <![CDATA[browser launched]]>
            </line>
            <line>
              <![CDATA[user entered value]]>
            </line>
          </reporter-output>
        </test-method> <!-- Test1232 -->
      </class> <!-- org.testcase.TC123456_SingupUserValidation -->
    </test> <!-- Test -->
  </suite> <!-- Suite -->
</testng-results>
